Arguments: 
  /usr/local/bin/node /usr/local/bin/yarn add babel-loader @babel/core preset-env -D

PATH: 
  /usr/local/opt/mongodb-community@4.0/bin:/usr/local/bin:/usr/bin:/bin:/usr/sbin:/sbin:/usr/local/go/bin:/usr/local/opt/mongodb-community@4.0/bin:/Users/liqinxin/go/bin:/usr/local/bin/go:/usr/local/mysql/bin:/Users/liqinxin/go/bin:/usr/local/bin/go:/usr/local/mysql/bin

Yarn version: 
  1.22.4

Node version: 
  12.16.1

Platform: 
  darwin x64

Trace: 
  Error: https://registry.npm.taobao.org/preset-env: Not found
      at Request.params.callback [as _callback] (/usr/local/lib/node_modules/yarn/lib/cli.js:66987:18)
      at Request.self.callback (/usr/local/lib/node_modules/yarn/lib/cli.js:140748:22)
      at Request.emit (events.js:311:20)
      at Request.<anonymous> (/usr/local/lib/node_modules/yarn/lib/cli.js:141720:10)
      at Request.emit (events.js:311:20)
      at IncomingMessage.<anonymous> (/usr/local/lib/node_modules/yarn/lib/cli.js:141642:12)
      at Object.onceWrapper (events.js:417:28)
      at IncomingMessage.emit (events.js:323:22)
      at endReadableNT (_stream_readable.js:1204:12)
      at processTicksAndRejections (internal/process/task_queues.js:84:21)

npm manifest: 
  {
    "name": "toy-react",
    "version": "1.0.0",
    "description": "",
    "main": "index.js",
    "scripts": {
      "test": "echo \"Error: no test specified\" && exit 1"
    },
    "author": "",
    "license": "ISC",
    "devDependencies": {
      "webpack": "^4.44.1",
      "webpack-cli": "^3.3.12"
    }
  }

yarn manifest: 
  No manifest

Lockfile: 
  No lockfile
